INFO: [VRFC 10-2263] Analyzing Verilog file "D:/code/331/V0-Student/V0.srcs/sources_1/new/ALU.v" into library xil_defaultlib
INFO: [VRFC 10-311] analyzing module ALU
INFO: [VRFC 10-2263] Analyzing Verilog file "D:/code/331/V0-Student/V0.srcs/sources_1/new/CONTROL.v" into library xil_defaultlib
INFO: [VRFC 10-311] analyzing module CONTROL
INFO: [VRFC 10-2263] Analyzing Verilog file "D:/code/331/V0-Student/V0.srcs/sources_1/new/DMEM.v" into library xil_defaultlib
INFO: [VRFC 10-311] analyzing module DMEM
INFO: [VRFC 10-2263] Analyzing Verilog file "D:/code/331/V0-Student/V0.srcs/sources_1/new/IMEM.v" into library xil_defaultlib
INFO: [VRFC 10-311] analyzing module IMEM
INFO: [VRFC 10-2263] Analyzing Verilog file "D:/code/331/V0-Student/V0.srcs/sources_1/new/IncFour.v" into library xil_defaultlib
INFO: [VRFC 10-311] analyzing module IncFour
INFO: [VRFC 10-2263] Analyzing Verilog file "D:/code/331/V0-Student/V0.srcs/sources_1/new/REGFILE.v" into library xil_defaultlib
INFO: [VRFC 10-311] analyzing module REGFILE
INFO: [VRFC 10-2263] Analyzing Verilog file "D:/code/331/V0-Student/V0.srcs/sources_1/new/SYSCALL_EMU.v" into library xil_defaultlib
INFO: [VRFC 10-311] analyzing module SYSCALL_EMU
INFO: [VRFC 10-2263] Analyzing Verilog file "D:/code/331/V0-Student/V0.srcs/sources_1/new/SZExtender.v" into library xil_defaultlib
INFO: [VRFC 10-311] analyzing module SZExtender
INFO: [VRFC 10-2263] Analyzing Verilog file "D:/code/331/V0-Student/V0.srcs/sources_1/new/ScaledAdder.v" into library xil_defaultlib
INFO: [VRFC 10-311] analyzing module ScaledAdder
INFO: [VRFC 10-2263] Analyzing Verilog file "D:/code/331/V0-Student/V0.srcs/sources_1/new/reg32.v" into library xil_defaultlib
INFO: [VRFC 10-311] analyzing module PC32
INFO: [VRFC 10-2263] Analyzing Verilog file "D:/code/331/V0-Student/V0.srcs/sources_1/new/reg64.v" into library xil_defaultlib
INFO: [VRFC 10-311] analyzing module HILO64
INFO: [VRFC 10-2263] Analyzing Verilog file "D:/code/331/V0-Student/V0.srcs/sources_1/new/Top.v" into library xil_defaultlib
INFO: [VRFC 10-311] analyzing module Top
INFO: [VRFC 10-2263] Analyzing Verilog file "D:/code/331/V0-Student/V0.sim/sim_1/behav/xsim/glbl.v" into library xil_defaultlib
INFO: [VRFC 10-311] analyzing module glbl
