Vivado Simulator 2019.2
Time resolution is 1 ps
fffffffc
00000bad
00000001
00000000
00000000
00000001
0000eec5
0000aa80
feedeec5
0000ffff
00005555
00010000
ffffffde
ffffffad
ffffffed
deadbeef
feedeec5
000000de
000000ad
000000ed
aa0000ff
aa00aaff
badc0de5
c0de5bad
00feedee
fffeedee
b9c9fcaa
4411e0e0
4411e0e0
bacc0cc5
fefdefe5
4431e320
0102101a
00000000
00000001
Emulating Exit Syscall, exiting now
$finish called at time : 867 ns : File "C:/Users/donot/Documents/G-Backed Up Documents/Classes/Undergrad/CMPEN 331/Verilog/CMPEN331_Final-Framework/CMPEN331_Final-Framework.srcs/sources_1/new/SYSCALL_EMU.v" Line 21
