#-----------------------------------------------------------
# Vivado v2019.2 (64-bit)
# SW Build 2708876 on Wed Nov  6 21:40:23 MST 2019
# IP Build 2700528 on Thu Nov  7 00:09:20 MST 2019
# Start of session at: Wed May  6 21:10:38 2020
# Process ID: 24816
# Current directory: C:/Users/David/Desktop/331bs/CMPEN331_Final-Framework
# Command line: vivado.exe -gui_launcher_event rodinguilauncherevent29036 C:\Users\David\Desktop\331bs\CMPEN331_Final-Framework\CMPEN331_Final-Framework.xpr
# Log file: C:/Users/David/Desktop/331bs/CMPEN331_Final-Framework/vivado.log
# Journal file: C:/Users/David/Desktop/331bs/CMPEN331_Final-Framework\vivado.jou
#-----------------------------------------------------------
start_gui
open_project C:/Users/David/Desktop/331bs/CMPEN331_Final-Framework/CMPEN331_Final-Framework.xpr
INFO: [Project 1-313] Project file moved from 'C:/Users/donot/Documents/G-Backed Up Documents/Classes/Undergrad/CMPEN 331/Verilog/CMPEN331_Final-Framework' since last save.
Scanning sources...
Finished scanning sources
INFO: [IP_Flow 19-234] Refreshing IP repositories
INFO: [IP_Flow 19-1704] No user IP repositories specified
INFO: [IP_Flow 19-2313] Loaded Vivado IP repository 'D:/Vivado/2019.2/data/ip'.
open_project: Time (s): cpu = 00:00:13 ; elapsed = 00:00:08 . Memory (MB): peak = 840.383 ; gain = 162.465
update_compile_order -fileset sources_1
exit
INFO: [Common 17-206] Exiting Vivado at Wed May  6 21:12:07 2020...
