#-----------------------------------------------------------
# Vivado v2019.2 (64-bit)
# SW Build 2708876 on Wed Nov  6 21:40:23 MST 2019
# IP Build 2700528 on Thu Nov  7 00:09:20 MST 2019
# Start of session at: Tue Apr 14 21:44:43 2020
# Process ID: 17416
# Current directory: C:/Users/donot/Documents/G-Backed Up Documents/Classes/Undergrad/CMPEN 331/Verilog/V1-demo/V1
# Command line: vivado.exe -gui_launcher_event rodinguilauncherevent9332 C:\Users\donot\Documents\G-Backed Up Documents\Classes\Undergrad\CMPEN 331\Verilog\V1-demo\V1\V1.xpr
# Log file: C:/Users/donot/Documents/G-Backed Up Documents/Classes/Undergrad/CMPEN 331/Verilog/V1-demo/V1/vivado.log
# Journal file: C:/Users/donot/Documents/G-Backed Up Documents/Classes/Undergrad/CMPEN 331/Verilog/V1-demo/V1\vivado.jou
#-----------------------------------------------------------
start_gui
open_project {C:/Users/donot/Documents/G-Backed Up Documents/Classes/Undergrad/CMPEN 331/Verilog/V1-demo/V1/V1.xpr}
INFO: [ProjectBase 1-489] The host OS only allows 260 characters in a normal path. The project is stored in a path with more than 80 characters. If you experience issues with IP, Block Designs, or files not being found, please consider moving the project to a location with a shorter path. Alternately consider using the OS subst command to map part of the path to a drive letter.
Current project path is 'C:/Users/donot/Documents/G-Backed Up Documents/Classes/Undergrad/CMPEN 331/Verilog/V1-demo/V1'
INFO: [Project 1-313] Project file moved from 'C:/Users/donot/Documents/V1' since last save.
Scanning sources...
Finished scanning sources
INFO: [IP_Flow 19-234] Refreshing IP repositories
INFO: [IP_Flow 19-1704] No user IP repositories specified
INFO: [IP_Flow 19-2313] Loaded Vivado IP repository 'C:/Xilinx/Vivado/2019.2/data/ip'.
open_project: Time (s): cpu = 00:00:22 ; elapsed = 00:00:09 . Memory (MB): peak = 686.164 ; gain = 54.137
update_compile_order -fileset sources_1
launch_simulation
Command: launch_simulation 
INFO: [Vivado 12-5682] Launching behavioral simulation in 'C:/Users/donot/Documents/G-Backed Up Documents/Classes/Undergrad/CMPEN 331/Verilog/V1-demo/V1/V1.sim/sim_1/behav/xsim'
INFO: [SIM-utils-51] Simulation object is 'sim_1'
INFO: [SIM-utils-54] Inspecting design source files for 'TestWrapper' in fileset 'sim_1'...
INFO: [SIM-utils-43] Exported 'C:/Users/donot/Documents/G-Backed Up Documents/Classes/Undergrad/CMPEN 331/Verilog/V1-demo/V1/V1.sim/sim_1/behav/xsim/reg.mem'
INFO: [SIM-utils-43] Exported 'C:/Users/donot/Documents/G-Backed Up Documents/Classes/Undergrad/CMPEN 331/Verilog/V1-demo/V1/V1.sim/sim_1/behav/xsim/pc.mem'
INFO: [SIM-utils-43] Exported 'C:/Users/donot/Documents/G-Backed Up Documents/Classes/Undergrad/CMPEN 331/Verilog/V1-demo/V1/V1.sim/sim_1/behav/xsim/mem.mem'
INFO: [SIM-utils-43] Exported 'C:/Users/donot/Documents/G-Backed Up Documents/Classes/Undergrad/CMPEN 331/Verilog/V1-demo/V1/V1.sim/sim_1/behav/xsim/hilo.mem'
INFO: [SIM-utils-43] Exported 'C:/Users/donot/Documents/G-Backed Up Documents/Classes/Undergrad/CMPEN 331/Verilog/V1-demo/V1/V1.sim/sim_1/behav/xsim/reg.mem'
INFO: [SIM-utils-43] Exported 'C:/Users/donot/Documents/G-Backed Up Documents/Classes/Undergrad/CMPEN 331/Verilog/V1-demo/V1/V1.sim/sim_1/behav/xsim/pc.mem'
INFO: [SIM-utils-43] Exported 'C:/Users/donot/Documents/G-Backed Up Documents/Classes/Undergrad/CMPEN 331/Verilog/V1-demo/V1/V1.sim/sim_1/behav/xsim/mem.mem'
INFO: [SIM-utils-43] Exported 'C:/Users/donot/Documents/G-Backed Up Documents/Classes/Undergrad/CMPEN 331/Verilog/V1-demo/V1/V1.sim/sim_1/behav/xsim/hilo.mem'
INFO: [USF-XSim-97] Finding global include files...
INFO: [USF-XSim-98] Fetching design files from 'sim_1'...
INFO: [USF-XSim-2] XSim::Compile design
INFO: [USF-XSim-61] Executing 'COMPILE and ANALYZE' step in 'C:/Users/donot/Documents/G-Backed Up Documents/Classes/Undergrad/CMPEN 331/Verilog/V1-demo/V1/V1.sim/sim_1/behav/xsim'
"xvlog --incr --relax -prj TestWrapper_vlog.prj"
INFO: [VRFC 10-2263] Analyzing Verilog file "C:/Users/donot/Documents/G-Backed Up Documents/Classes/Undergrad/CMPEN 331/Verilog/V1-demo/V1/V1.srcs/sources_1/new/ALU.v" into library xil_defaultlib
INFO: [VRFC 10-311] analyzing module ALU
INFO: [VRFC 10-2263] Analyzing Verilog file "C:/Users/donot/Documents/G-Backed Up Documents/Classes/Undergrad/CMPEN 331/Verilog/V1-demo/V1/V1.srcs/sources_1/new/CONTROL.v" into library xil_defaultlib
INFO: [VRFC 10-311] analyzing module CONTROL
INFO: [VRFC 10-2263] Analyzing Verilog file "C:/Users/donot/Documents/G-Backed Up Documents/Classes/Undergrad/CMPEN 331/Verilog/V1-demo/V1/V1.srcs/sources_1/new/DMEM.v" into library xil_defaultlib
INFO: [VRFC 10-311] analyzing module DMEM
INFO: [VRFC 10-2263] Analyzing Verilog file "C:/Users/donot/Documents/G-Backed Up Documents/Classes/Undergrad/CMPEN 331/Verilog/V1-demo/V1/V1.srcs/sources_1/new/DecodeForwarding.v" into library xil_defaultlib
INFO: [VRFC 10-311] analyzing module DecodeForwarding
INFO: [VRFC 10-2263] Analyzing Verilog file "C:/Users/donot/Documents/G-Backed Up Documents/Classes/Undergrad/CMPEN 331/Verilog/V1-demo/V1/V1.srcs/sources_1/new/EQComp.v" into library xil_defaultlib
INFO: [VRFC 10-311] analyzing module EQComp
INFO: [VRFC 10-2263] Analyzing Verilog file "C:/Users/donot/Documents/G-Backed Up Documents/Classes/Undergrad/CMPEN 331/Verilog/V1-demo/V1/V1.srcs/sources_1/new/EXForwarding.v" into library xil_defaultlib
INFO: [VRFC 10-311] analyzing module EXForwarding
INFO: [VRFC 10-2263] Analyzing Verilog file "C:/Users/donot/Documents/G-Backed Up Documents/Classes/Undergrad/CMPEN 331/Verilog/V1-demo/V1/V1.srcs/sources_1/new/EX_MEM_PR.v" into library xil_defaultlib
INFO: [VRFC 10-311] analyzing module EX_MEM_PR
INFO: [VRFC 10-2263] Analyzing Verilog file "C:/Users/donot/Documents/G-Backed Up Documents/Classes/Undergrad/CMPEN 331/Verilog/V1-demo/V1/V1.srcs/sources_1/new/HazardDetection.v" into library xil_defaultlib
INFO: [VRFC 10-311] analyzing module HazardDetection
INFO: [VRFC 10-2263] Analyzing Verilog file "C:/Users/donot/Documents/G-Backed Up Documents/Classes/Undergrad/CMPEN 331/Verilog/V1-demo/V1/V1.srcs/sources_1/new/ID_EX_PR.v" into library xil_defaultlib
INFO: [VRFC 10-311] analyzing module ID_EX_PR
INFO: [VRFC 10-2263] Analyzing Verilog file "C:/Users/donot/Documents/G-Backed Up Documents/Classes/Undergrad/CMPEN 331/Verilog/V1-demo/V1/V1.srcs/sources_1/new/IF_ID_PR.v" into library xil_defaultlib
INFO: [VRFC 10-311] analyzing module IF_ID_PR
INFO: [VRFC 10-2263] Analyzing Verilog file "C:/Users/donot/Documents/G-Backed Up Documents/Classes/Undergrad/CMPEN 331/Verilog/V1-demo/V1/V1.srcs/sources_1/new/IMEM.v" into library xil_defaultlib
INFO: [VRFC 10-311] analyzing module IMEM
INFO: [VRFC 10-2263] Analyzing Verilog file "C:/Users/donot/Documents/G-Backed Up Documents/Classes/Undergrad/CMPEN 331/Verilog/V1-demo/V1/V1.srcs/sources_1/new/IncFour.v" into library xil_defaultlib
INFO: [VRFC 10-311] analyzing module IncFour
INFO: [VRFC 10-2263] Analyzing Verilog file "C:/Users/donot/Documents/G-Backed Up Documents/Classes/Undergrad/CMPEN 331/Verilog/V1-demo/V1/V1.srcs/sources_1/new/MEM_WB_PR.v" into library xil_defaultlib
INFO: [VRFC 10-311] analyzing module MEM_WB_PR
INFO: [VRFC 10-2263] Analyzing Verilog file "C:/Users/donot/Documents/G-Backed Up Documents/Classes/Undergrad/CMPEN 331/Verilog/V1-demo/V1/V1.srcs/sources_1/new/MEMforwarding.v" into library xil_defaultlib
INFO: [VRFC 10-311] analyzing module MEMForwarding
INFO: [VRFC 10-2263] Analyzing Verilog file "C:/Users/donot/Documents/G-Backed Up Documents/Classes/Undergrad/CMPEN 331/Verilog/V1-demo/V1/V1.srcs/sources_1/new/REGFILE.v" into library xil_defaultlib
INFO: [VRFC 10-311] analyzing module REGFILE
INFO: [VRFC 10-2263] Analyzing Verilog file "C:/Users/donot/Documents/G-Backed Up Documents/Classes/Undergrad/CMPEN 331/Verilog/V1-demo/V1/V1.srcs/sources_1/new/SYSCALL_EMU.v" into library xil_defaultlib
INFO: [VRFC 10-311] analyzing module SYSCALL_EMU
INFO: [VRFC 10-2263] Analyzing Verilog file "C:/Users/donot/Documents/G-Backed Up Documents/Classes/Undergrad/CMPEN 331/Verilog/V1-demo/V1/V1.srcs/sources_1/new/SZExtender.v" into library xil_defaultlib
INFO: [VRFC 10-311] analyzing module SZExtender
INFO: [VRFC 10-2263] Analyzing Verilog file "C:/Users/donot/Documents/G-Backed Up Documents/Classes/Undergrad/CMPEN 331/Verilog/V1-demo/V1/V1.srcs/sources_1/new/ScaledAdder.v" into library xil_defaultlib
INFO: [VRFC 10-311] analyzing module ScaledAdder
INFO: [VRFC 10-2263] Analyzing Verilog file "C:/Users/donot/Documents/G-Backed Up Documents/Classes/Undergrad/CMPEN 331/Verilog/V1-demo/V1/V1.srcs/sources_1/new/Top.v" into library xil_defaultlib
INFO: [VRFC 10-311] analyzing module Top
INFO: [VRFC 10-2263] Analyzing Verilog file "C:/Users/donot/Documents/G-Backed Up Documents/Classes/Undergrad/CMPEN 331/Verilog/V1-demo/V1/V1.srcs/sources_1/new/reg32.v" into library xil_defaultlib
INFO: [VRFC 10-311] analyzing module PC32
INFO: [VRFC 10-2263] Analyzing Verilog file "C:/Users/donot/Documents/G-Backed Up Documents/Classes/Undergrad/CMPEN 331/Verilog/V1-demo/V1/V1.srcs/sources_1/new/reg64.v" into library xil_defaultlib
INFO: [VRFC 10-311] analyzing module HILO64
INFO: [VRFC 10-2263] Analyzing Verilog file "C:/Users/donot/Documents/G-Backed Up Documents/Classes/Undergrad/CMPEN 331/Verilog/V1-demo/V1/V1.srcs/sources_1/new/TestWrapper.v" into library xil_defaultlib
INFO: [VRFC 10-311] analyzing module TestWrapper
INFO: [VRFC 10-2263] Analyzing Verilog file "C:/Users/donot/Documents/G-Backed Up Documents/Classes/Undergrad/CMPEN 331/Verilog/V1-demo/V1/V1.sim/sim_1/behav/xsim/glbl.v" into library xil_defaultlib
INFO: [VRFC 10-311] analyzing module glbl
INFO: [USF-XSim-69] 'compile' step finished in '3' seconds
INFO: [USF-XSim-3] XSim::Elaborate design
INFO: [USF-XSim-61] Executing 'ELABORATE' step in 'C:/Users/donot/Documents/G-Backed Up Documents/Classes/Undergrad/CMPEN 331/Verilog/V1-demo/V1/V1.sim/sim_1/behav/xsim'
"xelab -wto 289e34238c5e425182536c9a8b275764 --incr --debug typical --relax --mt 2 -L xil_defaultlib -L unisims_ver -L unimacro_ver -L secureip --snapshot TestWrapper_behav xil_defaultlib.TestWrapper xil_defaultlib.glbl -log elaborate.log"
Vivado Simulator 2019.2
Copyright 1986-1999, 2001-2019 Xilinx, Inc. All Rights Reserved.
Running: C:/Xilinx/Vivado/2019.2/bin/unwrapped/win64.o/xelab.exe -wto 289e34238c5e425182536c9a8b275764 --incr --debug typical --relax --mt 2 -L xil_defaultlib -L unisims_ver -L unimacro_ver -L secureip --snapshot TestWrapper_behav xil_defaultlib.TestWrapper xil_defaultlib.glbl -log elaborate.log 
Using 2 slave threads.
Starting static elaboration
Pass Through NonSizing Optimizer
WARNING: [VRFC 10-5021] port 'clk' is not connected on this instance [C:/Users/donot/Documents/G-Backed Up Documents/Classes/Undergrad/CMPEN 331/Verilog/V1-demo/V1/V1.srcs/sources_1/new/Top.v:201]
Completed static elaboration
Starting simulation data flow analysis
Completed simulation data flow analysis
Time Resolution for simulation is 1ps
Compiling module xil_defaultlib.PC32
Compiling module xil_defaultlib.IMEM
Compiling module xil_defaultlib.IncFour
Compiling module xil_defaultlib.IF_ID_PR
Compiling module xil_defaultlib.HILO64
Compiling module xil_defaultlib.HazardDetection
Compiling module xil_defaultlib.DecodeForwarding
Compiling module xil_defaultlib.REGFILE
Compiling module xil_defaultlib.EQComp
Compiling module xil_defaultlib.SZExtender
Compiling module xil_defaultlib.ScaledAdder
Compiling module xil_defaultlib.CONTROL
Compiling module xil_defaultlib.ID_EX_PR
Compiling module xil_defaultlib.EXForwarding
Compiling module xil_defaultlib.ALU
Compiling module xil_defaultlib.EX_MEM_PR
Compiling module xil_defaultlib.MEMForwarding
Compiling module xil_defaultlib.DMEM
Compiling module xil_defaultlib.MEM_WB_PR
Compiling module xil_defaultlib.SYSCALL_EMU_1
Compiling module xil_defaultlib.Top
Compiling module xil_defaultlib.TestWrapper
Compiling module xil_defaultlib.glbl
Built simulation snapshot TestWrapper_behav

****** Webtalk v2019.2 (64-bit)
  **** SW Build 2708876 on Wed Nov  6 21:40:23 MST 2019
  **** IP Build 2700528 on Thu Nov  7 00:09:20 MST 2019
    ** Copyright 1986-2019 Xilinx, Inc. All Rights Reserved.

source C:/Users/donot/Documents/G-Backed -notrace
couldn't read file "C:/Users/donot/Documents/G-Backed": no such file or directory
INFO: [Common 17-206] Exiting Webtalk at Tue Apr 14 21:45:41 2020...
run_program: Time (s): cpu = 00:00:01 ; elapsed = 00:00:07 . Memory (MB): peak = 715.457 ; gain = 0.000
INFO: [USF-XSim-69] 'elaborate' step finished in '7' seconds
INFO: [USF-XSim-4] XSim::Simulate design
INFO: [USF-XSim-61] Executing 'SIMULATE' step in 'C:/Users/donot/Documents/G-Backed Up Documents/Classes/Undergrad/CMPEN 331/Verilog/V1-demo/V1/V1.sim/sim_1/behav/xsim'
INFO: [USF-XSim-98] *** Running xsim
   with args "TestWrapper_behav -key {Behavioral:sim_1:Functional:TestWrapper} -tclbatch {TestWrapper.tcl} -view {{C:/Users/donot/Documents/G-Backed Up Documents/Classes/Undergrad/CMPEN 331/Verilog/V1-demo/V1/TestWrapper_behav.wcfg}} -log {simulate.log}"
INFO: [USF-XSim-8] Loading simulator feature
Vivado Simulator 2019.2
Time resolution is 1 ps
open_wave_config {C:/Users/donot/Documents/G-Backed Up Documents/Classes/Undergrad/CMPEN 331/Verilog/V1-demo/V1/TestWrapper_behav.wcfg}
open_wave_config: Time (s): cpu = 00:00:09 ; elapsed = 00:00:08 . Memory (MB): peak = 738.242 ; gain = 0.000
source TestWrapper.tcl
# set curr_wave [current_wave_config]
# if { [string length $curr_wave] == 0 } {
#   if { [llength [get_objects]] > 0} {
#     add_wave /
#     set_property needs_save false [current_wave_config]
#   } else {
#      send_msg_id Add_Wave-1 WARNING "No top level signals found. Simulator will start without a wave window. If you want to open a wave window go to 'File->New Waveform Configuration' or type 'create_wave_config' in the TCL console."
#   }
# }
# run 1000ns
fffffffc
00000bad
00000001
00000000
00000000
00000001
0000eec5
0000aa80
feedeec5
0000ffff
00005555
00010000
ffffffde
ffffffad
ffffffed
deadbeef
feedeec5
000000de
000000ad
000000ed
aa0000ff
aa00aaff
badc0de5
c0de5bad
00feedee
fffeedee
b9c9fcaa
4411e0e0
4411e0e0
bacc0cc5
fefdefe5
4431e320
0102101a
00000000
00000001
Emulating Exit Syscall, exiting now
$finish called at time : 867 ns : File "C:/Users/donot/Documents/G-Backed Up Documents/Classes/Undergrad/CMPEN 331/Verilog/V1-demo/V1/V1.srcs/sources_1/new/SYSCALL_EMU.v" Line 21
xsim: Time (s): cpu = 00:00:24 ; elapsed = 00:00:14 . Memory (MB): peak = 786.578 ; gain = 61.066
INFO: [USF-XSim-96] XSim completed. Design snapshot 'TestWrapper_behav' loaded.
INFO: [USF-XSim-97] XSim simulation ran for 1000ns
launch_simulation: Time (s): cpu = 00:00:30 ; elapsed = 00:00:27 . Memory (MB): peak = 786.578 ; gain = 90.828
close_sim
INFO: [Simtcl 6-16] Simulation closed
launch_simulation
Command: launch_simulation 
INFO: [Vivado 12-5682] Launching behavioral simulation in 'C:/Users/donot/Documents/G-Backed Up Documents/Classes/Undergrad/CMPEN 331/Verilog/V1-demo/V1/V1.sim/sim_1/behav/xsim'
INFO: [SIM-utils-51] Simulation object is 'sim_1'
INFO: [SIM-utils-54] Inspecting design source files for 'TestWrapper' in fileset 'sim_1'...
INFO: [SIM-utils-43] Exported 'C:/Users/donot/Documents/G-Backed Up Documents/Classes/Undergrad/CMPEN 331/Verilog/V1-demo/V1/V1.sim/sim_1/behav/xsim/reg.mem'
INFO: [SIM-utils-43] Exported 'C:/Users/donot/Documents/G-Backed Up Documents/Classes/Undergrad/CMPEN 331/Verilog/V1-demo/V1/V1.sim/sim_1/behav/xsim/pc.mem'
INFO: [SIM-utils-43] Exported 'C:/Users/donot/Documents/G-Backed Up Documents/Classes/Undergrad/CMPEN 331/Verilog/V1-demo/V1/V1.sim/sim_1/behav/xsim/mem.mem'
INFO: [SIM-utils-43] Exported 'C:/Users/donot/Documents/G-Backed Up Documents/Classes/Undergrad/CMPEN 331/Verilog/V1-demo/V1/V1.sim/sim_1/behav/xsim/hilo.mem'
INFO: [SIM-utils-43] Exported 'C:/Users/donot/Documents/G-Backed Up Documents/Classes/Undergrad/CMPEN 331/Verilog/V1-demo/V1/V1.sim/sim_1/behav/xsim/reg.mem'
INFO: [SIM-utils-43] Exported 'C:/Users/donot/Documents/G-Backed Up Documents/Classes/Undergrad/CMPEN 331/Verilog/V1-demo/V1/V1.sim/sim_1/behav/xsim/pc.mem'
INFO: [SIM-utils-43] Exported 'C:/Users/donot/Documents/G-Backed Up Documents/Classes/Undergrad/CMPEN 331/Verilog/V1-demo/V1/V1.sim/sim_1/behav/xsim/mem.mem'
INFO: [SIM-utils-43] Exported 'C:/Users/donot/Documents/G-Backed Up Documents/Classes/Undergrad/CMPEN 331/Verilog/V1-demo/V1/V1.sim/sim_1/behav/xsim/hilo.mem'
INFO: [USF-XSim-97] Finding global include files...
INFO: [USF-XSim-98] Fetching design files from 'sim_1'...
INFO: [USF-XSim-2] XSim::Compile design
INFO: [USF-XSim-61] Executing 'COMPILE and ANALYZE' step in 'C:/Users/donot/Documents/G-Backed Up Documents/Classes/Undergrad/CMPEN 331/Verilog/V1-demo/V1/V1.sim/sim_1/behav/xsim'
"xvlog --incr --relax -prj TestWrapper_vlog.prj"
INFO: [USF-XSim-69] 'compile' step finished in '2' seconds
INFO: [USF-XSim-3] XSim::Elaborate design
INFO: [USF-XSim-61] Executing 'ELABORATE' step in 'C:/Users/donot/Documents/G-Backed Up Documents/Classes/Undergrad/CMPEN 331/Verilog/V1-demo/V1/V1.sim/sim_1/behav/xsim'
"xelab -wto 289e34238c5e425182536c9a8b275764 --incr --debug typical --relax --mt 2 -L xil_defaultlib -L unisims_ver -L unimacro_ver -L secureip --snapshot TestWrapper_behav xil_defaultlib.TestWrapper xil_defaultlib.glbl -log elaborate.log"
Vivado Simulator 2019.2
Copyright 1986-1999, 2001-2019 Xilinx, Inc. All Rights Reserved.
Running: C:/Xilinx/Vivado/2019.2/bin/unwrapped/win64.o/xelab.exe -wto 289e34238c5e425182536c9a8b275764 --incr --debug typical --relax --mt 2 -L xil_defaultlib -L unisims_ver -L unimacro_ver -L secureip --snapshot TestWrapper_behav xil_defaultlib.TestWrapper xil_defaultlib.glbl -log elaborate.log 
Using 2 slave threads.
Starting static elaboration
Pass Through NonSizing Optimizer
WARNING: [VRFC 10-5021] port 'clk' is not connected on this instance [C:/Users/donot/Documents/G-Backed Up Documents/Classes/Undergrad/CMPEN 331/Verilog/V1-demo/V1/V1.srcs/sources_1/new/Top.v:201]
Completed static elaboration
INFO: [XSIM 43-4323] No Change in HDL. Linking previously generated obj files to create kernel
INFO: [USF-XSim-69] 'elaborate' step finished in '2' seconds
INFO: [USF-XSim-4] XSim::Simulate design
INFO: [USF-XSim-61] Executing 'SIMULATE' step in 'C:/Users/donot/Documents/G-Backed Up Documents/Classes/Undergrad/CMPEN 331/Verilog/V1-demo/V1/V1.sim/sim_1/behav/xsim'
INFO: [USF-XSim-98] *** Running xsim
   with args "TestWrapper_behav -key {Behavioral:sim_1:Functional:TestWrapper} -tclbatch {TestWrapper.tcl} -view {{C:/Users/donot/Documents/G-Backed Up Documents/Classes/Undergrad/CMPEN 331/Verilog/V1-demo/V1/TestWrapper_behav.wcfg}} -log {simulate.log}"
INFO: [USF-XSim-8] Loading simulator feature
Vivado Simulator 2019.2
Time resolution is 1 ps
open_wave_config {C:/Users/donot/Documents/G-Backed Up Documents/Classes/Undergrad/CMPEN 331/Verilog/V1-demo/V1/TestWrapper_behav.wcfg}
open_wave_config: Time (s): cpu = 00:00:06 ; elapsed = 00:00:06 . Memory (MB): peak = 831.391 ; gain = 0.000
source TestWrapper.tcl
# set curr_wave [current_wave_config]
# if { [string length $curr_wave] == 0 } {
#   if { [llength [get_objects]] > 0} {
#     add_wave /
#     set_property needs_save false [current_wave_config]
#   } else {
#      send_msg_id Add_Wave-1 WARNING "No top level signals found. Simulator will start without a wave window. If you want to open a wave window go to 'File->New Waveform Configuration' or type 'create_wave_config' in the TCL console."
#   }
# }
# run 1000ns
fffffffc
00000bad
00000001
00000000
00000000
00000001
0000eec5
0000aa80
feedeec5
0000ffff
00005555
00010000
ffffffde
ffffffad
ffffffed
deadbeef
feedeec5
000000de
000000ad
000000ed
aa0000ff
aa00aaff
badc0de5
c0de5bad
00feedee
fffeedee
b9c9fcaa
4411e0e0
4411e0e0
bacc0cc5
fefdefe5
4431e320
0102101a
00000000
00000001
Emulating Exit Syscall, exiting now
$finish called at time : 867 ns : File "C:/Users/donot/Documents/G-Backed Up Documents/Classes/Undergrad/CMPEN 331/Verilog/V1-demo/V1/V1.srcs/sources_1/new/SYSCALL_EMU.v" Line 21
xsim: Time (s): cpu = 00:00:11 ; elapsed = 00:00:10 . Memory (MB): peak = 831.391 ; gain = 0.000
INFO: [USF-XSim-96] XSim completed. Design snapshot 'TestWrapper_behav' loaded.
INFO: [USF-XSim-97] XSim simulation ran for 1000ns
launch_simulation: Time (s): cpu = 00:00:13 ; elapsed = 00:00:15 . Memory (MB): peak = 831.391 ; gain = 0.000
close_sim
INFO: [Simtcl 6-16] Simulation closed
launch_simulation
Command: launch_simulation 
INFO: [Vivado 12-5682] Launching behavioral simulation in 'C:/Users/donot/Documents/G-Backed Up Documents/Classes/Undergrad/CMPEN 331/Verilog/V1-demo/V1/V1.sim/sim_1/behav/xsim'
INFO: [SIM-utils-51] Simulation object is 'sim_1'
INFO: [SIM-utils-54] Inspecting design source files for 'TestWrapper' in fileset 'sim_1'...
INFO: [SIM-utils-43] Exported 'C:/Users/donot/Documents/G-Backed Up Documents/Classes/Undergrad/CMPEN 331/Verilog/V1-demo/V1/V1.sim/sim_1/behav/xsim/reg.mem'
INFO: [SIM-utils-43] Exported 'C:/Users/donot/Documents/G-Backed Up Documents/Classes/Undergrad/CMPEN 331/Verilog/V1-demo/V1/V1.sim/sim_1/behav/xsim/pc.mem'
INFO: [SIM-utils-43] Exported 'C:/Users/donot/Documents/G-Backed Up Documents/Classes/Undergrad/CMPEN 331/Verilog/V1-demo/V1/V1.sim/sim_1/behav/xsim/mem.mem'
INFO: [SIM-utils-43] Exported 'C:/Users/donot/Documents/G-Backed Up Documents/Classes/Undergrad/CMPEN 331/Verilog/V1-demo/V1/V1.sim/sim_1/behav/xsim/hilo.mem'
INFO: [SIM-utils-43] Exported 'C:/Users/donot/Documents/G-Backed Up Documents/Classes/Undergrad/CMPEN 331/Verilog/V1-demo/V1/V1.sim/sim_1/behav/xsim/reg.mem'
INFO: [SIM-utils-43] Exported 'C:/Users/donot/Documents/G-Backed Up Documents/Classes/Undergrad/CMPEN 331/Verilog/V1-demo/V1/V1.sim/sim_1/behav/xsim/pc.mem'
INFO: [SIM-utils-43] Exported 'C:/Users/donot/Documents/G-Backed Up Documents/Classes/Undergrad/CMPEN 331/Verilog/V1-demo/V1/V1.sim/sim_1/behav/xsim/mem.mem'
INFO: [SIM-utils-43] Exported 'C:/Users/donot/Documents/G-Backed Up Documents/Classes/Undergrad/CMPEN 331/Verilog/V1-demo/V1/V1.sim/sim_1/behav/xsim/hilo.mem'
INFO: [USF-XSim-97] Finding global include files...
INFO: [USF-XSim-98] Fetching design files from 'sim_1'...
INFO: [USF-XSim-2] XSim::Compile design
INFO: [USF-XSim-61] Executing 'COMPILE and ANALYZE' step in 'C:/Users/donot/Documents/G-Backed Up Documents/Classes/Undergrad/CMPEN 331/Verilog/V1-demo/V1/V1.sim/sim_1/behav/xsim'
"xvlog --incr --relax -prj TestWrapper_vlog.prj"
INFO: [VRFC 10-2263] Analyzing Verilog file "C:/Users/donot/Documents/G-Backed Up Documents/Classes/Undergrad/CMPEN 331/Verilog/V1-demo/V1/V1.srcs/sources_1/new/ALU.v" into library xil_defaultlib
INFO: [VRFC 10-311] analyzing module ALU
INFO: [VRFC 10-2263] Analyzing Verilog file "C:/Users/donot/Documents/G-Backed Up Documents/Classes/Undergrad/CMPEN 331/Verilog/V1-demo/V1/V1.srcs/sources_1/new/CONTROL.v" into library xil_defaultlib
INFO: [VRFC 10-311] analyzing module CONTROL
INFO: [VRFC 10-2263] Analyzing Verilog file "C:/Users/donot/Documents/G-Backed Up Documents/Classes/Undergrad/CMPEN 331/Verilog/V1-demo/V1/V1.srcs/sources_1/new/DMEM.v" into library xil_defaultlib
INFO: [VRFC 10-311] analyzing module DMEM
INFO: [VRFC 10-2263] Analyzing Verilog file "C:/Users/donot/Documents/G-Backed Up Documents/Classes/Undergrad/CMPEN 331/Verilog/V1-demo/V1/V1.srcs/sources_1/new/DecodeForwarding.v" into library xil_defaultlib
INFO: [VRFC 10-311] analyzing module DecodeForwarding
INFO: [VRFC 10-2263] Analyzing Verilog file "C:/Users/donot/Documents/G-Backed Up Documents/Classes/Undergrad/CMPEN 331/Verilog/V1-demo/V1/V1.srcs/sources_1/new/EQComp.v" into library xil_defaultlib
INFO: [VRFC 10-311] analyzing module EQComp
INFO: [VRFC 10-2263] Analyzing Verilog file "C:/Users/donot/Documents/G-Backed Up Documents/Classes/Undergrad/CMPEN 331/Verilog/V1-demo/V1/V1.srcs/sources_1/new/EXForwarding.v" into library xil_defaultlib
INFO: [VRFC 10-311] analyzing module EXForwarding
INFO: [VRFC 10-2263] Analyzing Verilog file "C:/Users/donot/Documents/G-Backed Up Documents/Classes/Undergrad/CMPEN 331/Verilog/V1-demo/V1/V1.srcs/sources_1/new/EX_MEM_PR.v" into library xil_defaultlib
INFO: [VRFC 10-311] analyzing module EX_MEM_PR
INFO: [VRFC 10-2263] Analyzing Verilog file "C:/Users/donot/Documents/G-Backed Up Documents/Classes/Undergrad/CMPEN 331/Verilog/V1-demo/V1/V1.srcs/sources_1/new/HazardDetection.v" into library xil_defaultlib
INFO: [VRFC 10-311] analyzing module HazardDetection
INFO: [VRFC 10-2263] Analyzing Verilog file "C:/Users/donot/Documents/G-Backed Up Documents/Classes/Undergrad/CMPEN 331/Verilog/V1-demo/V1/V1.srcs/sources_1/new/ID_EX_PR.v" into library xil_defaultlib
INFO: [VRFC 10-311] analyzing module ID_EX_PR
INFO: [VRFC 10-2263] Analyzing Verilog file "C:/Users/donot/Documents/G-Backed Up Documents/Classes/Undergrad/CMPEN 331/Verilog/V1-demo/V1/V1.srcs/sources_1/new/IF_ID_PR.v" into library xil_defaultlib
INFO: [VRFC 10-311] analyzing module IF_ID_PR
INFO: [VRFC 10-2263] Analyzing Verilog file "C:/Users/donot/Documents/G-Backed Up Documents/Classes/Undergrad/CMPEN 331/Verilog/V1-demo/V1/V1.srcs/sources_1/new/IMEM.v" into library xil_defaultlib
INFO: [VRFC 10-311] analyzing module IMEM
INFO: [VRFC 10-2263] Analyzing Verilog file "C:/Users/donot/Documents/G-Backed Up Documents/Classes/Undergrad/CMPEN 331/Verilog/V1-demo/V1/V1.srcs/sources_1/new/IncFour.v" into library xil_defaultlib
INFO: [VRFC 10-311] analyzing module IncFour
INFO: [VRFC 10-2263] Analyzing Verilog file "C:/Users/donot/Documents/G-Backed Up Documents/Classes/Undergrad/CMPEN 331/Verilog/V1-demo/V1/V1.srcs/sources_1/new/MEM_WB_PR.v" into library xil_defaultlib
INFO: [VRFC 10-311] analyzing module MEM_WB_PR
INFO: [VRFC 10-2263] Analyzing Verilog file "C:/Users/donot/Documents/G-Backed Up Documents/Classes/Undergrad/CMPEN 331/Verilog/V1-demo/V1/V1.srcs/sources_1/new/MEMforwarding.v" into library xil_defaultlib
INFO: [VRFC 10-311] analyzing module MEMForwarding
INFO: [VRFC 10-2263] Analyzing Verilog file "C:/Users/donot/Documents/G-Backed Up Documents/Classes/Undergrad/CMPEN 331/Verilog/V1-demo/V1/V1.srcs/sources_1/new/REGFILE.v" into library xil_defaultlib
INFO: [VRFC 10-311] analyzing module REGFILE
INFO: [VRFC 10-2263] Analyzing Verilog file "C:/Users/donot/Documents/G-Backed Up Documents/Classes/Undergrad/CMPEN 331/Verilog/V1-demo/V1/V1.srcs/sources_1/new/SYSCALL_EMU.v" into library xil_defaultlib
INFO: [VRFC 10-311] analyzing module SYSCALL_EMU
INFO: [VRFC 10-2263] Analyzing Verilog file "C:/Users/donot/Documents/G-Backed Up Documents/Classes/Undergrad/CMPEN 331/Verilog/V1-demo/V1/V1.srcs/sources_1/new/SZExtender.v" into library xil_defaultlib
INFO: [VRFC 10-311] analyzing module SZExtender
INFO: [VRFC 10-2263] Analyzing Verilog file "C:/Users/donot/Documents/G-Backed Up Documents/Classes/Undergrad/CMPEN 331/Verilog/V1-demo/V1/V1.srcs/sources_1/new/ScaledAdder.v" into library xil_defaultlib
INFO: [VRFC 10-311] analyzing module ScaledAdder
INFO: [VRFC 10-2263] Analyzing Verilog file "C:/Users/donot/Documents/G-Backed Up Documents/Classes/Undergrad/CMPEN 331/Verilog/V1-demo/V1/V1.srcs/sources_1/new/Top.v" into library xil_defaultlib
INFO: [VRFC 10-311] analyzing module Top
INFO: [VRFC 10-2263] Analyzing Verilog file "C:/Users/donot/Documents/G-Backed Up Documents/Classes/Undergrad/CMPEN 331/Verilog/V1-demo/V1/V1.srcs/sources_1/new/reg32.v" into library xil_defaultlib
INFO: [VRFC 10-311] analyzing module PC32
INFO: [VRFC 10-2263] Analyzing Verilog file "C:/Users/donot/Documents/G-Backed Up Documents/Classes/Undergrad/CMPEN 331/Verilog/V1-demo/V1/V1.srcs/sources_1/new/reg64.v" into library xil_defaultlib
INFO: [VRFC 10-311] analyzing module HILO64
INFO: [VRFC 10-2263] Analyzing Verilog file "C:/Users/donot/Documents/G-Backed Up Documents/Classes/Undergrad/CMPEN 331/Verilog/V1-demo/V1/V1.srcs/sources_1/new/TestWrapper.v" into library xil_defaultlib
INFO: [VRFC 10-311] analyzing module TestWrapper
INFO: [USF-XSim-69] 'compile' step finished in '4' seconds
INFO: [USF-XSim-3] XSim::Elaborate design
INFO: [USF-XSim-61] Executing 'ELABORATE' step in 'C:/Users/donot/Documents/G-Backed Up Documents/Classes/Undergrad/CMPEN 331/Verilog/V1-demo/V1/V1.sim/sim_1/behav/xsim'
"xelab -wto 289e34238c5e425182536c9a8b275764 --incr --debug typical --relax --mt 2 -L xil_defaultlib -L unisims_ver -L unimacro_ver -L secureip --snapshot TestWrapper_behav xil_defaultlib.TestWrapper xil_defaultlib.glbl -log elaborate.log"
Vivado Simulator 2019.2
Copyright 1986-1999, 2001-2019 Xilinx, Inc. All Rights Reserved.
Running: C:/Xilinx/Vivado/2019.2/bin/unwrapped/win64.o/xelab.exe -wto 289e34238c5e425182536c9a8b275764 --incr --debug typical --relax --mt 2 -L xil_defaultlib -L unisims_ver -L unimacro_ver -L secureip --snapshot TestWrapper_behav xil_defaultlib.TestWrapper xil_defaultlib.glbl -log elaborate.log 
Using 2 slave threads.
Starting static elaboration
Pass Through NonSizing Optimizer
Completed static elaboration
Starting simulation data flow analysis
Completed simulation data flow analysis
Time Resolution for simulation is 1ps
Compiling module xil_defaultlib.PC32
Compiling module xil_defaultlib.IMEM
Compiling module xil_defaultlib.IncFour
Compiling module xil_defaultlib.IF_ID_PR
Compiling module xil_defaultlib.HILO64
Compiling module xil_defaultlib.HazardDetection
Compiling module xil_defaultlib.DecodeForwarding
Compiling module xil_defaultlib.REGFILE
Compiling module xil_defaultlib.EQComp
Compiling module xil_defaultlib.SZExtender
Compiling module xil_defaultlib.ScaledAdder
Compiling module xil_defaultlib.CONTROL
Compiling module xil_defaultlib.ID_EX_PR
Compiling module xil_defaultlib.EXForwarding
Compiling module xil_defaultlib.ALU
Compiling module xil_defaultlib.EX_MEM_PR
Compiling module xil_defaultlib.MEMForwarding
Compiling module xil_defaultlib.DMEM
Compiling module xil_defaultlib.MEM_WB_PR
Compiling module xil_defaultlib.SYSCALL_EMU_1
Compiling module xil_defaultlib.Top
Compiling module xil_defaultlib.TestWrapper
Compiling module xil_defaultlib.glbl
Built simulation snapshot TestWrapper_behav
INFO: [USF-XSim-69] 'elaborate' step finished in '3' seconds
INFO: [USF-XSim-4] XSim::Simulate design
INFO: [USF-XSim-61] Executing 'SIMULATE' step in 'C:/Users/donot/Documents/G-Backed Up Documents/Classes/Undergrad/CMPEN 331/Verilog/V1-demo/V1/V1.sim/sim_1/behav/xsim'
INFO: [USF-XSim-98] *** Running xsim
   with args "TestWrapper_behav -key {Behavioral:sim_1:Functional:TestWrapper} -tclbatch {TestWrapper.tcl} -view {{C:/Users/donot/Documents/G-Backed Up Documents/Classes/Undergrad/CMPEN 331/Verilog/V1-demo/V1/TestWrapper_behav.wcfg}} -log {simulate.log}"
INFO: [USF-XSim-8] Loading simulator feature
Vivado Simulator 2019.2
Time resolution is 1 ps
open_wave_config {C:/Users/donot/Documents/G-Backed Up Documents/Classes/Undergrad/CMPEN 331/Verilog/V1-demo/V1/TestWrapper_behav.wcfg}
open_wave_config: Time (s): cpu = 00:00:06 ; elapsed = 00:00:06 . Memory (MB): peak = 850.602 ; gain = 0.000
source TestWrapper.tcl
# set curr_wave [current_wave_config]
# if { [string length $curr_wave] == 0 } {
#   if { [llength [get_objects]] > 0} {
#     add_wave /
#     set_property needs_save false [current_wave_config]
#   } else {
#      send_msg_id Add_Wave-1 WARNING "No top level signals found. Simulator will start without a wave window. If you want to open a wave window go to 'File->New Waveform Configuration' or type 'create_wave_config' in the TCL console."
#   }
# }
# run 1000ns
fffffffc
00000bad
00000001
00000000
00000000
00000001
0000eec5
0000aa80
feedeec5
0000ffff
00005555
00010000
ffffffde
ffffffad
ffffffed
deadbeef
feedeec5
000000de
000000ad
000000ed
aa0000ff
aa00aaff
badc0de5
c0de5bad
00feedee
fffeedee
b9c9fcaa
4411e0e0
4411e0e0
bacc0cc5
fefdefe5
4431e320
0102101a
00000000
00000001
Emulating Exit Syscall, exiting now
$finish called at time : 867 ns : File "C:/Users/donot/Documents/G-Backed Up Documents/Classes/Undergrad/CMPEN 331/Verilog/V1-demo/V1/V1.srcs/sources_1/new/SYSCALL_EMU.v" Line 21
xsim: Time (s): cpu = 00:00:12 ; elapsed = 00:00:10 . Memory (MB): peak = 850.602 ; gain = 0.000
INFO: [USF-XSim-96] XSim completed. Design snapshot 'TestWrapper_behav' loaded.
INFO: [USF-XSim-97] XSim simulation ran for 1000ns
launch_simulation: Time (s): cpu = 00:00:13 ; elapsed = 00:00:17 . Memory (MB): peak = 850.602 ; gain = 0.000
close_sim
INFO: [Simtcl 6-16] Simulation closed
exit
INFO: [Common 17-206] Exiting Vivado at Tue Apr 14 21:53:51 2020...
